Open SystemVerilog file "tb_flexcounter.sv"
  Open include file  "src/flexcounter_if.svh" from "tb_flexcounter.sv"(2)
  Close include file "src/flexcounter_if.svh"; continuing at "tb_flexcounter.sv"(2)
  Open include file  "UVM/counterTest.svh" from "tb_flexcounter.sv"(3)
    Open include file  "/package/eda/mg/questa2021.4/questasim/uvm-1.2/../verilog_src/uvm-1.2/src/uvm_macros.svh" from "UVM/counterTest.svh"(2)
      Open include file  "/package/eda/mg/questa2021.4/questasim/uvm-1.2/../verilog_src/uvm-1.2/src/macros/uvm_version_defines.svh" from "/package/eda/mg/questa2021.4/questasim/uvm-1.2/../verilog_src/uvm-1.2/src/uvm_macros.svh"(69)
      Close include file "/package/eda/mg/questa2021.4/questasim/uvm-1.2/../verilog_src/uvm-1.2/src/macros/uvm_version_defines.svh"; continuing at "/package/eda/mg/questa2021.4/questasim/uvm-1.2/../verilog_src/uvm-1.2/src/uvm_macros.svh"(69)
      Open include file  "/package/eda/mg/questa2021.4/questasim/uvm-1.2/../verilog_src/uvm-1.2/src/macros/uvm_global_defines.svh" from "/package/eda/mg/questa2021.4/questasim/uvm-1.2/../verilog_src/uvm-1.2/src/uvm_macros.svh"(70)
      Close include file "/package/eda/mg/questa2021.4/questasim/uvm-1.2/../verilog_src/uvm-1.2/src/macros/uvm_global_defines.svh"; continuing at "/package/eda/mg/questa2021.4/questasim/uvm-1.2/../verilog_src/uvm-1.2/src/uvm_macros.svh"(70)
      Open include file  "/package/eda/mg/questa2021.4/questasim/uvm-1.2/../verilog_src/uvm-1.2/src/macros/uvm_message_defines.svh" from "/package/eda/mg/questa2021.4/questasim/uvm-1.2/../verilog_src/uvm-1.2/src/uvm_macros.svh"(71)
      Close include file "/package/eda/mg/questa2021.4/questasim/uvm-1.2/../verilog_src/uvm-1.2/src/macros/uvm_message_defines.svh"; continuing at "/package/eda/mg/questa2021.4/questasim/uvm-1.2/../verilog_src/uvm-1.2/src/uvm_macros.svh"(71)
      Open include file  "/package/eda/mg/questa2021.4/questasim/uvm-1.2/../verilog_src/uvm-1.2/src/macros/uvm_phase_defines.svh" from "/package/eda/mg/questa2021.4/questasim/uvm-1.2/../verilog_src/uvm-1.2/src/uvm_macros.svh"(72)
      Close include file "/package/eda/mg/questa2021.4/questasim/uvm-1.2/../verilog_src/uvm-1.2/src/macros/uvm_phase_defines.svh"; continuing at "/package/eda/mg/questa2021.4/questasim/uvm-1.2/../verilog_src/uvm-1.2/src/uvm_macros.svh"(72)
      Open include file  "/package/eda/mg/questa2021.4/questasim/uvm-1.2/../verilog_src/uvm-1.2/src/macros/uvm_object_defines.svh" from "/package/eda/mg/questa2021.4/questasim/uvm-1.2/../verilog_src/uvm-1.2/src/uvm_macros.svh"(73)
      Close include file "/package/eda/mg/questa2021.4/questasim/uvm-1.2/../verilog_src/uvm-1.2/src/macros/uvm_object_defines.svh"; continuing at "/package/eda/mg/questa2021.4/questasim/uvm-1.2/../verilog_src/uvm-1.2/src/uvm_macros.svh"(73)
      Open include file  "/package/eda/mg/questa2021.4/questasim/uvm-1.2/../verilog_src/uvm-1.2/src/macros/uvm_printer_defines.svh" from "/package/eda/mg/questa2021.4/questasim/uvm-1.2/../verilog_src/uvm-1.2/src/uvm_macros.svh"(74)
      Close include file "/package/eda/mg/questa2021.4/questasim/uvm-1.2/../verilog_src/uvm-1.2/src/macros/uvm_printer_defines.svh"; continuing at "/package/eda/mg/questa2021.4/questasim/uvm-1.2/../verilog_src/uvm-1.2/src/uvm_macros.svh"(74)
      Open include file  "/package/eda/mg/questa2021.4/questasim/uvm-1.2/../verilog_src/uvm-1.2/src/macros/uvm_tlm_defines.svh" from "/package/eda/mg/questa2021.4/questasim/uvm-1.2/../verilog_src/uvm-1.2/src/uvm_macros.svh"(75)
        Open include file  "/package/eda/mg/questa2021.4/questasim/uvm-1.2/../verilog_src/uvm-1.2/src/tlm1/uvm_tlm_imps.svh" from "/package/eda/mg/questa2021.4/questasim/uvm-1.2/../verilog_src/uvm-1.2/src/macros/uvm_tlm_defines.svh"(616)
        Close include file "/package/eda/mg/questa2021.4/questasim/uvm-1.2/../verilog_src/uvm-1.2/src/tlm1/uvm_tlm_imps.svh"; continuing at "/package/eda/mg/questa2021.4/questasim/uvm-1.2/../verilog_src/uvm-1.2/src/macros/uvm_tlm_defines.svh"(616)
      Close include file "/package/eda/mg/questa2021.4/questasim/uvm-1.2/../verilog_src/uvm-1.2/src/macros/uvm_tlm_defines.svh"; continuing at "/package/eda/mg/questa2021.4/questasim/uvm-1.2/../verilog_src/uvm-1.2/src/uvm_macros.svh"(75)
      Open include file  "/package/eda/mg/questa2021.4/questasim/uvm-1.2/../verilog_src/uvm-1.2/src/macros/uvm_sequence_defines.svh" from "/package/eda/mg/questa2021.4/questasim/uvm-1.2/../verilog_src/uvm-1.2/src/uvm_macros.svh"(76)
      Close include file "/package/eda/mg/questa2021.4/questasim/uvm-1.2/../verilog_src/uvm-1.2/src/macros/uvm_sequence_defines.svh"; continuing at "/package/eda/mg/questa2021.4/questasim/uvm-1.2/../verilog_src/uvm-1.2/src/uvm_macros.svh"(76)
      Open include file  "/package/eda/mg/questa2021.4/questasim/uvm-1.2/../verilog_src/uvm-1.2/src/macros/uvm_callback_defines.svh" from "/package/eda/mg/questa2021.4/questasim/uvm-1.2/../verilog_src/uvm-1.2/src/uvm_macros.svh"(77)
      Close include file "/package/eda/mg/questa2021.4/questasim/uvm-1.2/../verilog_src/uvm-1.2/src/macros/uvm_callback_defines.svh"; continuing at "/package/eda/mg/questa2021.4/questasim/uvm-1.2/../verilog_src/uvm-1.2/src/uvm_macros.svh"(77)
      Open include file  "/package/eda/mg/questa2021.4/questasim/uvm-1.2/../verilog_src/uvm-1.2/src/macros/uvm_reg_defines.svh" from "/package/eda/mg/questa2021.4/questasim/uvm-1.2/../verilog_src/uvm-1.2/src/uvm_macros.svh"(78)
      Close include file "/package/eda/mg/questa2021.4/questasim/uvm-1.2/../verilog_src/uvm-1.2/src/macros/uvm_reg_defines.svh"; continuing at "/package/eda/mg/questa2021.4/questasim/uvm-1.2/../verilog_src/uvm-1.2/src/uvm_macros.svh"(78)
      Open include file  "/package/eda/mg/questa2021.4/questasim/uvm-1.2/../verilog_src/uvm-1.2/src/macros/uvm_deprecated_defines.svh" from "/package/eda/mg/questa2021.4/questasim/uvm-1.2/../verilog_src/uvm-1.2/src/uvm_macros.svh"(79)
      Close include file "/package/eda/mg/questa2021.4/questasim/uvm-1.2/../verilog_src/uvm-1.2/src/macros/uvm_deprecated_defines.svh"; continuing at "/package/eda/mg/questa2021.4/questasim/uvm-1.2/../verilog_src/uvm-1.2/src/uvm_macros.svh"(79)
    Close include file "/package/eda/mg/questa2021.4/questasim/uvm-1.2/../verilog_src/uvm-1.2/src/uvm_macros.svh"; continuing at "UVM/counterTest.svh"(2)
    Open include file  "UVM/counterEnv.svh" from "UVM/counterTest.svh"(3)
      Open include file  "/package/eda/mg/questa2021.4/questasim/uvm-1.2/../verilog_src/uvm-1.2/src/uvm_macros.svh" from "UVM/counterEnv.svh"(2)
      Close include file "/package/eda/mg/questa2021.4/questasim/uvm-1.2/../verilog_src/uvm-1.2/src/uvm_macros.svh"; continuing at "UVM/counterEnv.svh"(2)
      Open include file  "UVM/counterAgent.svh" from "UVM/counterEnv.svh"(3)
        Open include file  "/package/eda/mg/questa2021.4/questasim/uvm-1.2/../verilog_src/uvm-1.2/src/uvm_macros.svh" from "UVM/counterAgent.svh"(2)
        Close include file "/package/eda/mg/questa2021.4/questasim/uvm-1.2/../verilog_src/uvm-1.2/src/uvm_macros.svh"; continuing at "UVM/counterAgent.svh"(2)
      Close include file "UVM/counterAgent.svh"; continuing at "UVM/counterEnv.svh"(3)
    Close include file "UVM/counterEnv.svh"; continuing at "UVM/counterTest.svh"(3)
  Close include file "UVM/counterTest.svh"; continuing at "tb_flexcounter.sv"(3)
  Open include file  "src/flexcounter.sv" from "tb_flexcounter.sv"(4)
  Close include file "src/flexcounter.sv"; continuing at "tb_flexcounter.sv"(4)
Close file "tb_flexcounter.sv"
